<?xml version="1.0" encoding="UTF-8" standalone="yes"?><!DOCTYPE report PUBLIC "-//JACOCO//DTD Report 1.1//EN" "report.dtd"><report name="RetailModule"><sessioninfo id="ip-172-31-40-149.us-east-2.compute.internal-5850809" start="1682368613758" dump="1682368614759"/><sessioninfo id="ip-172-31-40-149.us-east-2.compute.internal-7f4596a0" start="1682369281996" dump="1682369283019"/><sessioninfo id="ip-172-31-40-149.us-east-2.compute.internal-251e22d2" start="1682369742510" dump="1682369743310"/><sessioninfo id="ip-172-31-40-149.us-east-2.compute.internal-b91d91d9" start="1682370452368" dump="1682370453321"/><sessioninfo id="ip-172-31-40-149.us-east-2.compute.internal-99b5790" start="1682371162204" dump="1682371162991"/><sessioninfo id="ip-172-31-40-149.us-east-2.compute.internal-390f7200" start="1682372824227" dump="1682372825059"/><sessioninfo id="ip-172-31-40-149.us-east-2.compute.internal-96264741" start="1682434387536" dump="1682434388442"/><sessioninfo id="ip-172-31-40-149.us-east-2.compute.internal-b0348077" start="1682436219519" dump="1682436220712"/><sessioninfo id="ip-172-31-40-149.us-east-2.compute.internal-10b837e6" start="1682437199326" dump="1682437200651"/><sessioninfo id="ip-172-31-40-149.us-east-2.compute.internal-101c8283" start="1682439449568" dump="1682439450361"/><sessioninfo id="ip-172-31-40-149.us-east-2.compute.internal-ff5cac82" start="1682444936096" dump="1682444937086"/><sessioninfo id="ip-172-31-40-149.us-east-2.compute.internal-a6f4382a" start="1682449184467" dump="1682449185428"/><sessioninfo id="ip-172-31-40-149.us-east-2.compute.internal-e3ad57ef" start="1682450782784" dump="1682450783879"/><sessioninfo id="ip-172-31-40-149.us-east-2.compute.internal-becb318b" start="1682452993258" dump="1682452994065"/><sessioninfo id="ip-172-31-40-149.us-east-2.compute.internal-a607fd6a" start="1682453367506" dump="1682453368363"/><sessioninfo id="ip-172-31-40-149.us-east-2.compute.internal-a550159" start="1682455691915" dump="1682455692678"/><sessioninfo id="ip-172-31-40-149.us-east-2.compute.internal-e25ed1b3" start="1682461713058" dump="1682461714048"/><sessioninfo id="ip-172-31-40-149.us-east-2.compute.internal-fb58909f" start="1682511402437" dump="1682511403339"/><sessioninfo id="ip-172-31-40-149.us-east-2.compute.internal-8ffd6b54" start="1682512114973" dump="1682512115756"/><sessioninfo id="ip-172-31-40-149.us-east-2.compute.internal-2984c240" start="1682512505839" dump="1682512506681"/><sessioninfo id="ip-172-31-40-149.us-east-2.compute.internal-ac0b1c6" start="1682513230258" dump="1682513231338"/><sessioninfo id="ip-172-31-40-149.us-east-2.compute.internal-aeb8e99" start="1682519212875" dump="1682519213861"/><sessioninfo id="ip-172-31-40-149.us-east-2.compute.internal-b52032a2" start="1682535454813" dump="1682535455773"/><sessioninfo id="ip-172-31-40-149.us-east-2.compute.internal-88b7f9f6" start="1682621911604" dump="1682621912467"/><sessioninfo id="ip-172-31-40-149.us-east-2.compute.internal-ca6d6064" start="1682626368359" dump="1682626369322"/><sessioninfo id="ip-172-31-40-149.us-east-2.compute.internal-51baf45d" start="1682989800648" dump="1682989801842"/><package name="com/abc/dataAccessObject"><class name="com/abc/dataAccessObject/RetailAccessObject" sourcefilename="RetailAccessObject.java"/><class name="com/abc/dataAccessObject/RetailDataImp" sourcefilename="RetailDataImp.java"><method name="&lt;init&gt;" desc="()V" line="9"><counter type="INSTRUCTION" missed="0" covered="8"/><counter type="LINE" missed="0" covered="2"/><counter type="COMPLEXITY" missed="0" covered="1"/><counter type="METHOD" missed="0" covered="1"/></method><method name="create" desc="(Lcom/abc/RetailModule;)V" line="16"><counter type="INSTRUCTION" missed="0" covered="9"/><counter type="LINE" missed="0" covered="2"/><counter type="COMPLEXITY" missed="0" covered="1"/><counter type="METHOD" missed="0" covered="1"/></method><method name="read" desc="(I)Lcom/abc/RetailModule;" line="21"><counter type="INSTRUCTION" missed="0" covered="7"/><counter type="LINE" missed="0" covered="1"/><counter type="COMPLEXITY" missed="0" covered="1"/><counter type="METHOD" missed="0" covered="1"/></method><counter type="INSTRUCTION" missed="0" covered="24"/><counter type="LINE" missed="0" covered="5"/><counter type="COMPLEXITY" missed="0" covered="3"/><counter type="METHOD" missed="0" covered="3"/><counter type="CLASS" missed="0" covered="1"/></class><sourcefile name="RetailAccessObject.java"/><sourcefile name="RetailDataImp.java"><line nr="9" mi="0" ci="2" mb="0" cb="0"/><line nr="11" mi="0" ci="6" mb="0" cb="0"/><line nr="16" mi="0" ci="8" mb="0" cb="0"/><line nr="17" mi="0" ci="1" mb="0" cb="0"/><line nr="21" mi="0" ci="7" mb="0" cb="0"/><counter type="INSTRUCTION" missed="0" covered="24"/><counter type="LINE" missed="0" covered="5"/><counter type="COMPLEXITY" missed="0" covered="3"/><counter type="METHOD" missed="0" covered="3"/><counter type="CLASS" missed="0" covered="1"/></sourcefile><counter type="INSTRUCTION" missed="0" covered="24"/><counter type="LINE" missed="0" covered="5"/><counter type="COMPLEXITY" missed="0" covered="3"/><counter type="METHOD" missed="0" covered="3"/><counter type="CLASS" missed="0" covered="1"/></package><package name="com/abc"><class name="com/abc/RetailModule" sourcefilename="RetailModule.java"><method name="&lt;init&gt;" desc="()V" line="3"><counter type="INSTRUCTION" missed="0" covered="3"/><counter type="LINE" missed="0" covered="1"/><counter type="COMPLEXITY" missed="0" covered="1"/><counter type="METHOD" missed="0" covered="1"/></method><method name="getProduct_id" desc="()I" line="6"><counter type="INSTRUCTION" missed="0" covered="3"/><counter type="LINE" missed="0" covered="1"/><counter type="COMPLEXITY" missed="0" covered="1"/><counter type="METHOD" missed="0" covered="1"/></method><method name="setProduct_id" desc="(I)V" line="9"><counter type="INSTRUCTION" missed="0" covered="4"/><counter type="LINE" missed="0" covered="2"/><counter type="COMPLEXITY" missed="0" covered="1"/><counter type="METHOD" missed="0" covered="1"/></method><method name="getProduct_name" desc="()Ljava/lang/String;" line="12"><counter type="INSTRUCTION" missed="0" covered="3"/><counter type="LINE" missed="0" covered="1"/><counter type="COMPLEXITY" missed="0" covered="1"/><counter type="METHOD" missed="0" covered="1"/></method><method name="setProduct_name" desc="(Ljava/lang/String;)V" line="15"><counter type="INSTRUCTION" missed="0" covered="4"/><counter type="LINE" missed="0" covered="2"/><counter type="COMPLEXITY" missed="0" covered="1"/><counter type="METHOD" missed="0" covered="1"/></method><method name="getProduct_description" desc="()Ljava/lang/String;" line="18"><counter type="INSTRUCTION" missed="0" covered="3"/><counter type="LINE" missed="0" covered="1"/><counter type="COMPLEXITY" missed="0" covered="1"/><counter type="METHOD" missed="0" covered="1"/></method><method name="setProduct_description" desc="(Ljava/lang/String;)V" line="21"><counter type="INSTRUCTION" missed="0" covered="4"/><counter type="LINE" missed="0" covered="2"/><counter type="COMPLEXITY" missed="0" covered="1"/><counter type="METHOD" missed="0" covered="1"/></method><method name="getPrice" desc="()I" line="24"><counter type="INSTRUCTION" missed="0" covered="3"/><counter type="LINE" missed="0" covered="1"/><counter type="COMPLEXITY" missed="0" covered="1"/><counter type="METHOD" missed="0" covered="1"/></method><method name="setPrice" desc="(I)V" line="27"><counter type="INSTRUCTION" missed="0" covered="4"/><counter type="LINE" missed="0" covered="2"/><counter type="COMPLEXITY" missed="0" covered="1"/><counter type="METHOD" missed="0" covered="1"/></method><counter type="INSTRUCTION" missed="0" covered="31"/><counter type="LINE" missed="0" covered="13"/><counter type="COMPLEXITY" missed="0" covered="9"/><counter type="METHOD" missed="0" covered="9"/><counter type="CLASS" missed="0" covered="1"/></class><sourcefile name="RetailModule.java"><line nr="3" mi="0" ci="3" mb="0" cb="0"/><line nr="6" mi="0" ci="3" mb="0" cb="0"/><line nr="9" mi="0" ci="3" mb="0" cb="0"/><line nr="10" mi="0" ci="1" mb="0" cb="0"/><line nr="12" mi="0" ci="3" mb="0" cb="0"/><line nr="15" mi="0" ci="3" mb="0" cb="0"/><line nr="16" mi="0" ci="1" mb="0" cb="0"/><line nr="18" mi="0" ci="3" mb="0" cb="0"/><line nr="21" mi="0" ci="3" mb="0" cb="0"/><line nr="22" mi="0" ci="1" mb="0" cb="0"/><line nr="24" mi="0" ci="3" mb="0" cb="0"/><line nr="27" mi="0" ci="3" mb="0" cb="0"/><line nr="28" mi="0" ci="1" mb="0" cb="0"/><counter type="INSTRUCTION" missed="0" covered="31"/><counter type="LINE" missed="0" covered="13"/><counter type="COMPLEXITY" missed="0" covered="9"/><counter type="METHOD" missed="0" covered="9"/><counter type="CLASS" missed="0" covered="1"/></sourcefile><counter type="INSTRUCTION" missed="0" covered="31"/><counter type="LINE" missed="0" covered="13"/><counter type="COMPLEXITY" missed="0" covered="9"/><counter type="METHOD" missed="0" covered="9"/><counter type="CLASS" missed="0" covered="1"/></package><counter type="INSTRUCTION" missed="0" covered="55"/><counter type="LINE" missed="0" covered="18"/><counter type="COMPLEXITY" missed="0" covered="12"/><counter type="METHOD" missed="0" covered="12"/><counter type="CLASS" missed="0" covered="2"/></report>